<?xml version="1.0" encoding="UTF-8"?>
<testng-results skipped="0" failed="0" total="1" passed="1">
  <reporter-output>
  </reporter-output>
  <suite name="Default suite" duration-ms="1283" started-at="2017-10-18T08:32:39Z" finished-at="2017-10-18T08:32:40Z">
    <groups>
    </groups>
    <test name="Default test" duration-ms="1283" started-at="2017-10-18T08:32:39Z" finished-at="2017-10-18T08:32:40Z">
      <class name="JJ.JJtest.Baidu">
        <test-method status="PASS" signature="baidu()[pri:0, instance:JJ.JJtest.Baidu@52102734]" name="baidu" duration-ms="975" started-at="2017-10-18T16:32:39Z" finished-at="2017-10-18T16:32:40Z">
          <reporter-output>
          </reporter-output>
        </test-method> <!-- baidu -->
        <test-method status="PASS" signature="release()[pri:0, instance:JJ.JJtest.Baidu@52102734]" name="release" is-config="true" duration-ms="297" started-at="2017-10-18T16:32:40Z" finished-at="2017-10-18T16:32:40Z">
          <reporter-output>
          </reporter-output>
        </test-method> <!-- release -->
      </class> <!-- JJ.JJtest.Baidu -->
    </test> <!-- Default test -->
  </suite> <!-- Default suite -->
</testng-results>
